<?xml version="1.0" encoding="utf-8"?><testsuites name="pytest tests"><testsuite name="pytest" errors="0" failures="0" skipped="1" tests="15" time="47.690" timestamp="2026-09-16T04:13:34.026287+00:00" hostname="agent-env-fe9feca8-226b-496e-9b9c-cae57fd565e7"><testcase classname="tests.test_core_and_blueprints" name="test_core_run_requires_auth" time="0.256" /><testcase classname="tests.test_core_and_blueprints" name="test_core_runs_requires_auth" time="0.200" /><testcase classname="tests.test_core_and_blueprints" name="test_core_metrics_requires_auth" time="0.090" /><testcase classname="tests.test_core_and_blueprints" name="test_playbook_public" time="0.106" /><testcase classname="tests.test_core_and_blueprints" name="test_task_too_short" time="0.405" /><testcase classname="tests.test_core_and_blueprints" name="test_bogus_engine_override" time="0.114" /><testcase classname="tests.test_core_and_blueprints" name="test_code_engine_auto_route" time="10.310" /><testcase classname="tests.test_core_and_blueprints" name="test_fast_engine_override" time="4.146" /><testcase classname="tests.test_core_and_blueprints" name="test_plan_builder_override" time="30.982" /><testcase classname="tests.test_core_and_blueprints" name="test_list_runs" time="0.136" /><testcase classname="tests.test_core_and_blueprints" name="test_get_run_detail" time="0.089" /><testcase classname="tests.test_core_and_blueprints" name="test_get_run_unknown" time="0.075" /><testcase classname="tests.test_core_and_blueprints" name="test_metrics" time="0.098" /><testcase classname="tests.test_core_and_blueprints" name="test_delete_blueprint_nonexistent" time="0.072" /><testcase classname="tests.test_core_and_blueprints" name="test_delete_existing_blueprint" time="0.090"><skipped type="pytest.skip" message="no test blueprint to safely delete; skipping to preserve user data">/app/backend/tests/test_core_and_blueprints.py:201: no test blueprint to safely delete; skipping to preserve user data</skipped></testcase></testsuite></testsuites>